C51 COMPILER V9.60.7.0   MAIN                                                              04/22/2024 10:37:28 PAGE 1   


C51 COMPILER V9.60.7.0, COMPILATION OF MODULE MAIN
OBJECT MODULE PLACED IN .\Objects\main.obj
COMPILER INVOKED BY: C:\Keil_v5\C51\BIN\C51.EXE main.c OPTIMIZE(8,SPEED) BROWSE DEBUG OBJECTEXTEND PRINT(.\Listings\main
                    -.lst) TABS(2) OBJECT(.\Objects\main.obj)

line level    source

   1          #include<reg51.h>
   2          
   3          unsigned int i, j;
   4          int l, u;
   5          
   6          void delay(unsigned int milliSecond){
   7   1        for(i = 0; i < milliSecond; i++)
   8   1          for(j = 0; j < 1225; j++);
   9   1      }
  10          
  11          int main(){
  12   1        while(1){
  13   2          for(i = 0; i < 256; i++){
  14   3        //    for(j = 0; j <= 9; j++){
  15   3        //      P2 = (i << 4) | j;
  16   3        //      delay(30);
  17   3        //    }
  18   3            l = i & 0x0f;
  19   3            u = i & 0xf0;
  20   3            
  21   3            if(l == 0x09)
  22   3              l = 0x00;
  23   3            if(u == 0x90)
  24   3              u = 0x00;
  25   3            
  26   3            P2 = (u << 4) | l;
  27   3            delay(30);
  28   3          }
  29   2          
  30   2      
  31   2        }
  32   1      }


MODULE INFORMATION:   STATIC OVERLAYABLE
   CODE SIZE        =    127    ----
   CONSTANT SIZE    =   ----    ----
   XDATA SIZE       =   ----    ----
   PDATA SIZE       =   ----    ----
   DATA SIZE        =      8    ----
   IDATA SIZE       =   ----    ----
   BIT SIZE         =   ----    ----
END OF MODULE INFORMATION.


C51 COMPILATION COMPLETE.  0 WARNING(S),  0 ERROR(S)
