C51 COMPILER V9.60.7.0   MAIN                                                              05/25/2024 15:22:36 PAGE 1   


C51 COMPILER V9.60.7.0, COMPILATION OF MODULE MAIN
OBJECT MODULE PLACED IN .\Objects\main.obj
COMPILER INVOKED BY: C:\Keil_v5\C51\BIN\C51.EXE main.c OPTIMIZE(8,SPEED) BROWSE DEBUG OBJECTEXTEND PRINT(.\Listings\main
                    -.lst) TABS(2) OBJECT(.\Objects\main.obj)

line level    source

   1          #include <reg51.h>  // Include header file for 8051 microcontroller
   2          
   3          // Define LCD control pins using descriptive names
   4          sbit registerSelect = P3^7;  // Register select pin for LCD
   5          sbit enable = P3^6;          // Enable pin for LCD
   6          
   7          // Function prototypes
   8          void delayMilliseconds(unsigned int milliseconds);
   9          void sendLcdCommand(unsigned char command);
  10          void sendLcdData(unsigned char _data);
  11          void initializeLcd(void);
  12          void displayString(char *string);
  13          
  14          // Main function
  15          int main() {
  16   1          initializeLcd();  // Set up the LCD display
  17   1      
  18   1          sendLcdCommand(0x80);  // Position cursor at the beginning of the first line
  19   1          displayString("Aimal Khan");  // Display name
  20   1      
  21   1          sendLcdCommand(0xC0);  // Position cursor at the beginning of the second line
  22   1          displayString("21PWCSE1996");  // Display registration number
  23   1      
  24   1          while(1);  // Loop indefinitely to maintain display
  25   1          return 0;
  26   1      }
  27          
  28          // Implement a delay function for specified milliseconds
  29          void delayMilliseconds(unsigned int milliseconds) {
  30   1          unsigned int i, j;
  31   1          for (i = 0; i < milliseconds; i++)
  32   1              for (j = 0; j < 127; j++);
  33   1      }
  34          
  35          // Function to send a command to the LCD
  36          void sendLcdCommand(unsigned char command) {
  37   1          registerSelect = 0;
  38   1          P2 = command;
  39   1          enable = 1;
  40   1          delayMilliseconds(1);  // Short delay for command processing
  41   1          enable = 0;
  42   1          delayMilliseconds(5);  // Ensure command execution
  43   1      }
  44          
  45          // Function to send data (characters) to the LCD
  46          void sendLcdData(unsigned char _data) {
  47   1          registerSelect = 1;
  48   1          P2 = _data;
  49   1          enable = 1;
  50   1          delayMilliseconds(1);  // Short delay for data processing
  51   1          enable = 0;
  52   1          delayMilliseconds(5);  // Ensure data is displayed
  53   1      }
  54          
C51 COMPILER V9.60.7.0   MAIN                                                              05/25/2024 15:22:36 PAGE 2   

  55          // Function to initialize the LCD to desired settings
  56          void initializeLcd(void) {
  57   1          sendLcdCommand(0x38);  // 8-bit mode, 2 line, 5x7 format
  58   1          sendLcdCommand(0x0E);  // Display ON, cursor blinking
  59   1          sendLcdCommand(0x01);  // Clear display screen
  60   1          sendLcdCommand(0x06);  // Cursor moves right, no shifting of display
  61   1          delayMilliseconds(5);  // Delay to allow LCD to finish initializing
  62   1      }
  63          
  64          // Function to display strings on the LCD
  65          void displayString(char *string) {
  66   1          while (*string) {
  67   2              sendLcdData(*string++);
  68   2          }
  69   1      }
*** WARNING C294 IN LINE 25 OF main.c: unreachable code


MODULE INFORMATION:   STATIC OVERLAYABLE
   CODE SIZE        =    161    ----
   CONSTANT SIZE    =     23    ----
   XDATA SIZE       =   ----    ----
   PDATA SIZE       =   ----    ----
   DATA SIZE        =   ----       3
   IDATA SIZE       =   ----    ----
   BIT SIZE         =   ----    ----
END OF MODULE INFORMATION.


C51 COMPILATION COMPLETE.  1 WARNING(S),  0 ERROR(S)
