C51 COMPILER V9.60.7.0   MAIN                                                              03/03/2024 00:23:45 PAGE 1   


C51 COMPILER V9.60.7.0, COMPILATION OF MODULE MAIN
OBJECT MODULE PLACED IN .\Objects\main.obj
COMPILER INVOKED BY: C:\Keil_v5\C51\BIN\C51.EXE main.c OPTIMIZE(8,SPEED) BROWSE DEBUG OBJECTEXTEND PRINT(.\Listings\main
                    -.lst) TABS(2) OBJECT(.\Objects\main.obj)

line level    source

   1          // task1: Access single-bit addressable registers
   2          
   3          #include <reg51.h>
   4          #include <stdio.h>
   5          
   6          sbit MyBit = P1^0;
   7          
   8          void main(void){
   9   1        unsigned int i;
  10   1        MyBit = 0;
  11   1        for(i = 0; i < 500; i++);
  12   1        for(i = 0; i < 500; i++);
  13   1        MyBit = 1;    
  14   1      }


MODULE INFORMATION:   STATIC OVERLAYABLE
   CODE SIZE        =     33    ----
   CONSTANT SIZE    =   ----    ----
   XDATA SIZE       =   ----    ----
   PDATA SIZE       =   ----    ----
   DATA SIZE        =   ----    ----
   IDATA SIZE       =   ----    ----
   BIT SIZE         =   ----    ----
END OF MODULE INFORMATION.


C51 COMPILATION COMPLETE.  0 WARNING(S),  0 ERROR(S)
