C51 COMPILER V9.60.7.0   MAIN                                                              03/03/2024 01:14:41 PAGE 1   


C51 COMPILER V9.60.7.0, COMPILATION OF MODULE MAIN
OBJECT MODULE PLACED IN .\Objects\main.obj
COMPILER INVOKED BY: C:\Keil_v5\C51\BIN\C51.EXE main.c OPTIMIZE(8,SPEED) BROWSE DEBUG OBJECTEXTEND PRINT(.\Listings\main
                    -.lst) TABS(2) OBJECT(.\Objects\main.obj)

line level    source

   1          #include <reg51.h>
   2          #include <stdio.h>
   3          
   4          sbit led1 = P2^0;
   5          sbit led2 = P2^1;
   6          sbit led3 = P2^2;
   7          sbit led4 = P2^3;
   8          sbit led5 = P2^4;
   9          sbit led6 = P2^5;
  10          sbit led7 = P2^6;
  11          sbit led8 = P2^7;
  12          
  13          sbit switch1 = P1^0;
  14          sbit switch2 = P1^1;
  15          sbit switch3 = P1^2;
  16          
  17          void main(void){
  18   1          while(1){
  19   2            if(!switch1 & !switch2 & !switch3){
  20   3              led1 = 1; led2 = 0;
  21   3              led3 = 1; led4 = 0;
  22   3              led5 = 1; led6 = 0;
  23   3              led7 = 1; led8 = 0;
  24   3            }
  25   2            else if(!switch1 & !switch2 & switch3){
  26   3              led1 = 0; led2 = 1;
  27   3              led3 = 0; led4 = 1;
  28   3              led5 = 0; led6 = 1;
  29   3              led7 = 0; led8 = 1;
  30   3            }
  31   2            else if(!switch1 & switch2 & !switch3){
  32   3              led1 = 1; led2 = 1;
  33   3              led3 = 0; led4 = 0;
  34   3              led5 = 1; led6 = 1;
  35   3              led7 = 0; led8 = 0;
  36   3            }
  37   2            else if(!switch1 & switch2 & switch3){
  38   3              led1 = 0; led2 = 0;
  39   3              led3 = 1; led4 = 1;
  40   3              led5 = 0; led6 = 0;
  41   3              led7 = 1; led8 = 1;
  42   3            }
  43   2            else if(switch1 & !switch2 & !switch3){
  44   3              led1 = 1; led2 = 0;
  45   3              led3 = 1; led4 = 0;
  46   3              led5 = 1; led6 = 0;
  47   3              led7 = 0; led8 = 1;
  48   3            }
  49   2            else if(switch1 & !switch2 & switch3){
  50   3              led1 = 0; led2 = 0;
  51   3              led3 = 0; led4 = 1;
  52   3              led5 = 0; led6 = 1;
  53   3              led7 = 1; led8 = 1;
  54   3            }
C51 COMPILER V9.60.7.0   MAIN                                                              03/03/2024 01:14:41 PAGE 2   

  55   2            else if(switch1 & switch2 & !switch3){
  56   3              led1 = 1; led2 = 1;
  57   3              led3 = 1; led4 = 1;
  58   3              led5 = 0; led6 = 0;
  59   3              led7 = 0; led8 = 0;
  60   3            }
  61   2            else if(switch1 & switch2 & switch3){
  62   3              led1 = 0; led2 = 0;
  63   3              led3 = 0; led4 = 0;
  64   3              led5 = 1; led6 = 1;
  65   3              led7 = 1; led8 = 1;
  66   3            }
  67   2            else{
  68   3              led1 = 0; led2 = 0;
  69   3              led3 = 0; led4 = 0;
  70   3              led5 = 0; led6 = 0;
  71   3              led7 = 0; led8 = 0;
  72   3            }
  73   2        }
  74   1      }


MODULE INFORMATION:   STATIC OVERLAYABLE
   CODE SIZE        =    215    ----
   CONSTANT SIZE    =   ----    ----
   XDATA SIZE       =   ----    ----
   PDATA SIZE       =   ----    ----
   DATA SIZE        =   ----    ----
   IDATA SIZE       =   ----    ----
   BIT SIZE         =   ----    ----
END OF MODULE INFORMATION.


C51 COMPILATION COMPLETE.  0 WARNING(S),  0 ERROR(S)
