C51 COMPILER V9.60.7.0   MAIN                                                              04/28/2024 13:30:34 PAGE 1   


C51 COMPILER V9.60.7.0, COMPILATION OF MODULE MAIN
OBJECT MODULE PLACED IN .\Objects\main.obj
COMPILER INVOKED BY: C:\Keil_v5\C51\BIN\C51.EXE main.c OPTIMIZE(8,SPEED) BROWSE DEBUG OBJECTEXTEND PRINT(.\Listings\main
                    -.lst) TABS(2) OBJECT(.\Objects\main.obj)

line level    source

   1          #include <reg51.h>
   2          
   3          sbit PWM_Pin = P1 ^ 1; // PWM output on Pin P1.1 for the diagram only.
   4          
   5          void Timer0_ISR() interrupt 1 {
   6   1          static unsigned char pwm_state = 0; // State tracking: 0 for low, 1 for high
   7   1      
   8   1          TR0 = 0; // Stop Timer 0
   9   1          if (pwm_state == 0) {
  10   2              PWM_Pin = 1; 
  11   2              TH0 = 0xFC; // Load timer high byte for high duration
  12   2              TL0 = 0x70; // Load timer low byte for high duration
  13   2              pwm_state = 1;
  14   2          } else {
  15   2              PWM_Pin = 0; 
  16   2              TH0 = 0xFB; 
  17   2              TL0 = 0x50; 
  18   2              pwm_state = 0;
  19   2          }
  20   1          TR0 = 1;
  21   1      }
  22          
  23          void main() {
  24   1          TMOD = 0x01; // Timer 0 in mode 1 (16-bit timer mode)
  25   1          TH0 = 0xFC; 
  26   1          TL0 = 0x70; 
  27   1          ET0 = 1; // Enable Timer 0 interrupt
  28   1          EA = 1; // Enable global interrupts
  29   1          TR0 = 1; // Start Timer 0
  30   1      
  31   1          while (1) ;
  32   1      }


MODULE INFORMATION:   STATIC OVERLAYABLE
   CODE SIZE        =     54    ----
   CONSTANT SIZE    =   ----    ----
   XDATA SIZE       =   ----    ----
   PDATA SIZE       =   ----    ----
   DATA SIZE        =      1    ----
   IDATA SIZE       =   ----    ----
   BIT SIZE         =   ----    ----
END OF MODULE INFORMATION.


C51 COMPILATION COMPLETE.  0 WARNING(S),  0 ERROR(S)
