C51 COMPILER V9.60.7.0   MAIN                                                              03/24/2024 20:55:18 PAGE 1   


C51 COMPILER V9.60.7.0, COMPILATION OF MODULE MAIN
OBJECT MODULE PLACED IN .\Objects\main.obj
COMPILER INVOKED BY: C:\Keil_v5\C51\BIN\C51.EXE main.c OPTIMIZE(8,SPEED) BROWSE DEBUG OBJECTEXTEND PRINT(.\Listings\main
                    -.lst) TABS(2) OBJECT(.\Objects\main.obj)

line level    source

   1          #include <reg51.h>
   2          #include <stdio.h>
   3          
   4          sbit P_Button = P2^0;
   5          sbit P_Led = P2^1;
   6          
   7          sbit I_Button = P3^2;
   8          sbit I_Led = P3^4;
   9          
  10          int i = 0;
  11          
  12          void eio() interrupt 0
  13          {
  14   1        for(i = 0; i < 100; i++);
  15   1        I_Led ^= 1;
  16   1      }
  17          
  18          void main(void){
  19   1        P_Button = 1;
  20   1        I_Button = 1;
  21   1        
  22   1        EX0 = 1;
  23   1        EA = 1;
  24   1        IT0 = 1;
  25   1        
  26   1        while(1){
  27   2          if(!P_Button)
  28   2            P_Led = 1;
  29   2          else
  30   2            P_Led = 0;
  31   2        }
  32   1      }


MODULE INFORMATION:   STATIC OVERLAYABLE
   CODE SIZE        =     55    ----
   CONSTANT SIZE    =   ----    ----
   XDATA SIZE       =   ----    ----
   PDATA SIZE       =   ----    ----
   DATA SIZE        =      2    ----
   IDATA SIZE       =   ----    ----
   BIT SIZE         =   ----    ----
END OF MODULE INFORMATION.


C51 COMPILATION COMPLETE.  0 WARNING(S),  0 ERROR(S)
