C51 COMPILER V9.60.7.0   MAIN                                                              03/03/2024 00:49:17 PAGE 1   


C51 COMPILER V9.60.7.0, COMPILATION OF MODULE MAIN
OBJECT MODULE PLACED IN .\Objects\main.obj
COMPILER INVOKED BY: C:\Keil_v5\C51\BIN\C51.EXE main.c OPTIMIZE(8,SPEED) BROWSE DEBUG OBJECTEXTEND PRINT(.\Listings\main
                    -.lst) TABS(2) OBJECT(.\Objects\main.obj)

line level    source

   1          // Task 2: Attach one push button with PORT2 and one LED with PORT1 and turn ON led when the corresponding
             - button are pressed, use polling for monitoring the button.
   2          
   3          #include <reg51.h>
   4          #include <stdio.h>
   5          
   6          sbit blueLed = P2 ^ 6;
   7          sbit push = P1 ^ 2;
   8          
   9          void main(void){
  10   1          while(1){
  11   2              if(push==1)
  12   2                  blueLed = 1;
  13   2              else
  14   2                  blueLed = 0;
  15   2          }
  16   1      }
  17          


MODULE INFORMATION:   STATIC OVERLAYABLE
   CODE SIZE        =     11    ----
   CONSTANT SIZE    =   ----    ----
   XDATA SIZE       =   ----    ----
   PDATA SIZE       =   ----    ----
   DATA SIZE        =   ----    ----
   IDATA SIZE       =   ----    ----
   BIT SIZE         =   ----    ----
END OF MODULE INFORMATION.


C51 COMPILATION COMPLETE.  0 WARNING(S),  0 ERROR(S)
