C51 COMPILER V9.60.7.0   TASK3                                                             02/25/2024 23:33:19 PAGE 1   


C51 COMPILER V9.60.7.0, COMPILATION OF MODULE TASK3
OBJECT MODULE PLACED IN .\Objects\task3.obj
COMPILER INVOKED BY: C:\Keil_v5\C51\BIN\C51.EXE task3.c OPTIMIZE(8,SPEED) BROWSE DEBUG OBJECTEXTEND PRINT(.\Listings\tas
                    -k3.lst) TABS(2) OBJECT(.\Objects\task3.obj)

line level    source

   1          #include <reg51.h>  // Include the 8051 register definitions
   2          
   3          void delay() {
   4   1          unsigned int i, j;
   5   1          for (i = 0; i < 500; i++) {
   6   2              for (j = 0; j < 500; j++) {
   7   3                  // Adjust these loops based on your clock frequency for proper delay
   8   3              }
   9   2          }
  10   1      }
  11          
  12          void main() {
  13   1          unsigned char pattern = 0x01;  // Initialize pattern
  14   1          unsigned char i;
  15   1      
  16   1          while(1) {
  17   2              P1 = pattern;  // Display pattern on Port 1
  18   2              delay();       // Call delay function
  19   2              pattern = pattern << 1;  // Shift pattern to left
  20   2              if (pattern == 0)        // If pattern is 0, reset it to 1
  21   2                  pattern = 0x01;
  22   2      
  23   2              for (i = 0; i < 8; i++) {   // Loop to display pattern on Port 2
  24   3                  P2 = pattern;
  25   3                  delay();
  26   3              }
  27   2          }
  28   1      }


MODULE INFORMATION:   STATIC OVERLAYABLE
   CODE SIZE        =     60    ----
   CONSTANT SIZE    =   ----    ----
   XDATA SIZE       =   ----    ----
   PDATA SIZE       =   ----    ----
   DATA SIZE        =   ----    ----
   IDATA SIZE       =   ----    ----
   BIT SIZE         =   ----    ----
END OF MODULE INFORMATION.


C51 COMPILATION COMPLETE.  0 WARNING(S),  0 ERROR(S)
