C51 COMPILER V9.60.7.0   MAIN                                                              03/27/2024 11:21:32 PAGE 1   


C51 COMPILER V9.60.7.0, COMPILATION OF MODULE MAIN
OBJECT MODULE PLACED IN .\Objects\main.obj
COMPILER INVOKED BY: C:\Keil_v5\C51\BIN\C51.EXE main.c OPTIMIZE(8,SPEED) BROWSE DEBUG OBJECTEXTEND PRINT(.\Listings\main
                    -.lst) TABS(2) OBJECT(.\Objects\main.obj)

line level    source

   1          #include <reg51.h>
   2          
   3          sbit pin = P3 ^ 0;
   4          
   5          void startTimer0(){ // Function to start timer 0.
   6   1        TR0 = 1;
   7   1      }
   8          
   9          void timer0() interrupt 1{ // using intterrupt 1 of timer 0.
  10   1        // 15 msec delay
  11   1        TH0 = 0xC5; // high byte of timer 0
  12   1        TL0 = 0x67; // lower byte of timer 0
  13   1      }
  14          
  15          void startTimer(){ // 
  16   1        TMOD = 0x01; // using as a counter or timer
  17   1        IE = 0x82; // Enabling global interrupt(EA) and timer 0. 
  18   1      }
  19          
  20          
  21          void main(){
  22   1        startTimer0();
  23   1        startTimer();
  24   1        
  25   1        while(1){
  26   2          while(TF0 == 0);
  27   2          pin = ~pin;
  28   2        }   
  29   1      }


MODULE INFORMATION:   STATIC OVERLAYABLE
   CODE SIZE        =     30    ----
   CONSTANT SIZE    =   ----    ----
   XDATA SIZE       =   ----    ----
   PDATA SIZE       =   ----    ----
   DATA SIZE        =   ----    ----
   IDATA SIZE       =   ----    ----
   BIT SIZE         =   ----    ----
END OF MODULE INFORMATION.


C51 COMPILATION COMPLETE.  0 WARNING(S),  0 ERROR(S)
