C51 COMPILER V9.60.7.0   MAIN                                                              04/22/2024 09:54:40 PAGE 1   


C51 COMPILER V9.60.7.0, COMPILATION OF MODULE MAIN
OBJECT MODULE PLACED IN .\Objects\main.obj
COMPILER INVOKED BY: C:\Keil_v5\C51\BIN\C51.EXE main.c OPTIMIZE(8,SPEED) BROWSE DEBUG OBJECTEXTEND PRINT(.\Listings\main
                    -.lst) TABS(2) OBJECT(.\Objects\main.obj)

line level    source

   1          #include<reg51.h>
   2          
   3          //sbit pushButton = P3 ^ 4;
   4          unsigned int i, j, k;
   5          
   6          void delay(unsigned int milliSecond){
   7   1        for(i = 0; i < milliSecond; i++)
   8   1          for(j = 0; j < 1225; j++);
   9   1      }
  10          
  11          int main(){
  12   1          for(k = 0; 1; k++){
  13   2            if(k==0x0A )
  14   2              k = 0x00;
  15   2            P2 = k; // send the lower bit to display the count  
  16   2            delay(40);
  17   2          }
  18   1      }


MODULE INFORMATION:   STATIC OVERLAYABLE
   CODE SIZE        =     83    ----
   CONSTANT SIZE    =   ----    ----
   XDATA SIZE       =   ----    ----
   PDATA SIZE       =   ----    ----
   DATA SIZE        =      6    ----
   IDATA SIZE       =   ----    ----
   BIT SIZE         =   ----    ----
END OF MODULE INFORMATION.


C51 COMPILATION COMPLETE.  0 WARNING(S),  0 ERROR(S)
