C51 COMPILER V9.60.7.0   PROJECT                                                           06/23/2024 18:25:40 PAGE 1   


C51 COMPILER V9.60.7.0, COMPILATION OF MODULE PROJECT
OBJECT MODULE PLACED IN .\Objects\project.obj
COMPILER INVOKED BY: C:\Keil_v5\C51\BIN\C51.EXE project.c OPTIMIZE(8,SPEED) BROWSE DEBUG OBJECTEXTEND PRINT(.\Listings\p
                    -roject.lst) TABS(2) OBJECT(.\Objects\project.obj)

line level    source

   1          #include<reg51.h>
   2          sbit sensor1 = P1^0;
   3          sbit sensor2 = P1^1;
   4          sbit sensor3 = P1^2;
   5          
   6          sbit load1 = P2^0;
   7          sbit load2 = P2^1;
   8          sbit load3 = P2^2;
   9          
  10          sbit ldr = P1^7;
  11          sbit ldrout = P2^3;
  12          
  13          
  14          sbit trigpin = P2^6;
  15          sbit echopin = P2^7;
  16          sbit led1 = P1^5;
  17          sbit led2 = P1^6;
  18          
  19          void delay(unsigned int z);
  20          unsigned int distance,i;
  21          
  22          void main(){
  23   1        load1 = load2 = load3 = 0;
  24   1        sensor1 = sensor2 = sensor3 = 0;
  25   1        ldr = ldrout = 0;
  26   1        
  27   1            echopin=1;
  28   1            led1=0;
  29   1            led2=0;
  30   1            trigpin=0;
  31   1            echopin=1;
  32   1      
  33   1            for(i=0;i<20000;i++);
  34   1      
  35   1            TMOD=0x01;
  36   1            TH0=0x00;
  37   1            TL0=0x00;
  38   1        
  39   1        while(1){
  40   2          
  41   2          if(ldr == 0){ // No Light means Night time
  42   3            ldrout = 1; // during night time green led turns on just for indication
  43   3            
  44   3          if(sensor1 == 0 && sensor2 == 0 && sensor3 == 0){
  45   4            load1 = load2 = load3 = 0;
  46   4          }
  47   3          if(sensor1 == 1){
  48   4            load1 = 1;
  49   4          }
  50   3          
  51   3          if(sensor2 == 1){
  52   4            load2 = 1;
  53   4          }
  54   3          
C51 COMPILER V9.60.7.0   PROJECT                                                           06/23/2024 18:25:40 PAGE 2   

  55   3          if(sensor3 == 1){
  56   4            load3 = 1;
  57   4          }
  58   3          if(sensor1 == 0){
  59   4            load1 = 0;
  60   4          }
  61   3          
  62   3          if(sensor2 == 0){
  63   4            load2 = 0;
  64   4          }
  65   3          
  66   3          if(sensor3 == 0){
  67   4            load3 = 0;
  68   4          }
  69   3          }
  70   2          else{  // there is a light 
  71   3            ldrout = 0;
  72   3            load1 = load2 = load3 = 0;
  73   3          }  
  74   2      
  75   2      
  76   2                  trigpin=1;
  77   2                  for(i=0;i<=10;i++);
  78   2                  trigpin=0;
  79   2                  while(echopin==0);
  80   2                  TR0=1;
  81   2                  while(echopin==1);
  82   2                  TR0=0;
  83   2      
  84   2                  distance=TH0<<8;
  85   2                  distance=distance+TL0;
  86   2                  distance=distance/5;
  87   2                  TH0=0x00;
  88   2                  TL0=0x00;
  89   2      
  90   2      
  91   2                  for(i=0;i<=20000;i++);
  92   2      
  93   2                  if(distance<25)
  94   2                  {
  95   3                      led1=1; // Consider this, Car is Nearby
  96   3                  }
  97   2                  else
  98   2                  {
  99   3                      led1=0;
 100   3                  }
 101   2      
 102   2                  if(distance>50)
 103   2                  {
 104   3                      led2=1; // Just Ignore
 105   3                  }
 106   2      
 107   2                  else
 108   2                  {
 109   3                      led2=0;
 110   3                  }
 111   2      
 112   2                    
 113   2      }
 114   1      }
 115          
 116          void delay(unsigned int z)
C51 COMPILER V9.60.7.0   PROJECT                                                           06/23/2024 18:25:40 PAGE 3   

 117          {
 118   1          unsigned int p,q;
 119   1          for(p=0;p<z;p++)//repeat for 'z' times
 120   1          {
 121   2            for(q=0;q<1375;q++); //repeat for 1375 times
 122   2          }
 123   1      }


MODULE INFORMATION:   STATIC OVERLAYABLE
   CODE SIZE        =    277    ----
   CONSTANT SIZE    =   ----    ----
   XDATA SIZE       =   ----    ----
   PDATA SIZE       =   ----    ----
   DATA SIZE        =      4    ----
   IDATA SIZE       =   ----    ----
   BIT SIZE         =   ----    ----
END OF MODULE INFORMATION.


C51 COMPILATION COMPLETE.  0 WARNING(S),  0 ERROR(S)
