C51 COMPILER V9.60.7.0   MAIN                                                              03/03/2024 01:06:11 PAGE 1   


C51 COMPILER V9.60.7.0, COMPILATION OF MODULE MAIN
OBJECT MODULE PLACED IN .\Objects\main.obj
COMPILER INVOKED BY: C:\Keil_v5\C51\BIN\C51.EXE main.c OPTIMIZE(8,SPEED) BROWSE DEBUG OBJECTEXTEND PRINT(.\Listings\main
                    -.lst) TABS(2) OBJECT(.\Objects\main.obj)

line level    source

   1          // Task 3: Attach 2 push button with PORT2 and 4 LED’s with PORT1 and turn ON led when the corresponding
             - button are pressed, use polling for monitoring the buttons.
   2          
   3          #include <reg51.h>
   4          #include <stdio.h>
   5          
   6          sbit led1 = P1^0;
   7          sbit led2 = P1^1;
   8          sbit led3 = P1^2;
   9          sbit led4 = P1^3;
  10          
  11          sbit switch1 = P2^0;
  12          sbit switch2 = P2^1;
  13          
  14          void main(void){
  15   1        while(1){
  16   2          if(!switch1 & !switch2){
  17   3            led1 = 1; led2 = 0;
  18   3            led3 = 0; led4 = 0;
  19   3          } 
  20   2          else if(!switch1 & switch2){
  21   3            led1 = 1; led2 = 1;
  22   3            led3= 0 ; led4 = 0;
  23   3          }
  24   2          else if(switch1 & !switch2){
  25   3            led1 = 1; led2 = 0;
  26   3            led3 = 0; led4 = 1;
  27   3          } 
  28   2          else if(switch1 & switch2){
  29   3            led1 = 1; led2 = 0;
  30   3            led3 = 1; led4 = 1;
  31   3          }
  32   2          else{
  33   3            led1 = 0; led2 = 0;
  34   3            led3 = 0; led4 = 0;
  35   3          }
  36   2        }
  37   1      }


MODULE INFORMATION:   STATIC OVERLAYABLE
   CODE SIZE        =     71    ----
   CONSTANT SIZE    =   ----    ----
   XDATA SIZE       =   ----    ----
   PDATA SIZE       =   ----    ----
   DATA SIZE        =   ----    ----
   IDATA SIZE       =   ----    ----
   BIT SIZE         =   ----    ----
END OF MODULE INFORMATION.


C51 COMPILATION COMPLETE.  0 WARNING(S),  0 ERROR(S)
