C51 COMPILER V9.60.7.0   MAIN                                                              03/27/2024 11:34:07 PAGE 1   


C51 COMPILER V9.60.7.0, COMPILATION OF MODULE MAIN
OBJECT MODULE PLACED IN .\Objects\main.obj
COMPILER INVOKED BY: C:\Keil_v5\C51\BIN\C51.EXE main.c OPTIMIZE(8,SPEED) BROWSE DEBUG OBJECTEXTEND PRINT(.\Listings\main
                    -.lst) TABS(2) OBJECT(.\Objects\main.obj)

line level    source

   1          #include <reg51.h>
   2          
   3          sbit pin = P3 ^ 0;
   4          
   5          void startTimer0(){ // Function to start timer 0.
   6   1        TR0 = 1;
   7   1      }
   8          
   9          void timer0() interrupt 1{ // using intterrupt 1 of timer 0.
  10   1        //200 micro sec delay = 65535 - 200 = 65335 or ffff - 00c8 = ff37
  11   1      
  12   1        TH0 = 0xff; // high byte of timer 0
  13   1        TL0 = 0x37; // lower byte of timer 0
  14   1      }
  15          
  16          void startTimer(){ // 
  17   1        TMOD = 0x01; // using as a counter or timer
  18   1        IE = 0x82; // Enabling global interrupt(EA) and timer 0. 
  19   1      }
  20          
  21          
  22          void main(){
  23   1        startTimer0();
  24   1        startTimer();
  25   1        
  26   1        while(1){
  27   2          while(TF0 == 0);
  28   2          pin = ~pin;
  29   2        }   
  30   1      }


MODULE INFORMATION:   STATIC OVERLAYABLE
   CODE SIZE        =     30    ----
   CONSTANT SIZE    =   ----    ----
   XDATA SIZE       =   ----    ----
   PDATA SIZE       =   ----    ----
   DATA SIZE        =   ----    ----
   IDATA SIZE       =   ----    ----
   BIT SIZE         =   ----    ----
END OF MODULE INFORMATION.


C51 COMPILATION COMPLETE.  0 WARNING(S),  0 ERROR(S)
