C51 COMPILER V9.60.7.0   MAIN                                                              04/18/2024 09:20:06 PAGE 1   


C51 COMPILER V9.60.7.0, COMPILATION OF MODULE MAIN
OBJECT MODULE PLACED IN .\Objects\main.obj
COMPILER INVOKED BY: C:\Keil_v5\C51\BIN\C51.EXE main.c OPTIMIZE(8,SPEED) BROWSE DEBUG OBJECTEXTEND PRINT(.\Listings\main
                    -.lst) TABS(2) OBJECT(.\Objects\main.obj)

line level    source

   1          #include<reg51.h>
   2          
   3          sbit MyBit = P1 ^ 1;
   4          sbit I_Button = P1 ^ 2;
   5          
   6          void startTimer(){
   7   1        TMOD = 0x01;
   8   1        IE = 0x82;
   9   1      }
  10          
  11          void timer0() interrupt 1{
  12   1        if(I_Button == 0){
  13   2          if(MyBit){
  14   3            TH0= 0xf0;
  15   3            TL0 = 0x5f;
  16   3          }
  17   2          else {
  18   3            TH0= 0xe8;
  19   3            TL0 = 0x8f;
  20   3          }
  21   2        }
  22   1        else{
  23   2          if(I_Button == 0){
  24   3            TH0 = 0xf8;
  25   3            TL0 = 0x43;
  26   3          }
  27   2          else {
  28   3            TH0 = 0xfc;
  29   3            TL0 = 0x03;
  30   3          }
  31   2        }
  32   1        MyBit = ~MyBit; 
  33   1      }
  34          
  35          void startTimer0(){
  36   1        TR0 = 1;
  37   1      }
  38          
  39          int main(){
  40   1        startTimer0();
  41   1        startTimer();
  42   1        I_Button = 1;
  43   1        
  44   1        while(1);
  45   1            
  46   1      }


MODULE INFORMATION:   STATIC OVERLAYABLE
   CODE SIZE        =     62    ----
   CONSTANT SIZE    =   ----    ----
   XDATA SIZE       =   ----    ----
   PDATA SIZE       =   ----    ----
   DATA SIZE        =   ----    ----
C51 COMPILER V9.60.7.0   MAIN                                                              04/18/2024 09:20:06 PAGE 2   

   IDATA SIZE       =   ----    ----
   BIT SIZE         =   ----    ----
END OF MODULE INFORMATION.


C51 COMPILATION COMPLETE.  0 WARNING(S),  0 ERROR(S)
